{"/Users/draz/tasks/3yourmind/dist/app.js": {"path":"/Users/draz/tasks/3yourmind/dist/app.js","statementMap":{"0":{"start":{"line":2,"column":0},"end":{"line":2,"column":62}},"1":{"start":{"line":3,"column":16},"end":{"line":3,"column":34}},"2":{"start":{"line":4,"column":15},"end":{"line":4,"column":32}},"3":{"start":{"line":5,"column":17},"end":{"line":5,"column":36}},"4":{"start":{"line":6,"column":12},"end":{"line":6,"column":21}},"5":{"start":{"line":7,"column":0},"end":{"line":7,"column":24}},"6":{"start":{"line":8,"column":0},"end":{"line":8,"column":26}},"7":{"start":{"line":9,"column":0},"end":{"line":9,"column":22}}},"fnMap":{},"branchMap":{},"s":{"0":1,"1":1,"2":1,"3":1,"4":1,"5":1,"6":1,"7":1},"f":{},"b":{},"_coverageSchema":"332fd63041d2c1bcb487cc26dd0d5f7d97098a6c","hash":"37fa7711b7de06fb66c9be653dc03c9964ce06dc"}
,"/Users/draz/tasks/3yourmind/dist/config.js": {"path":"/Users/draz/tasks/3yourmind/dist/config.js","statementMap":{"0":{"start":{"line":2,"column":0},"end":{"line":2,"column":62}},"1":{"start":{"line":3,"column":0},"end":{"line":3,"column":39}},"2":{"start":{"line":4,"column":0},"end":{"line":4,"column":38}},"3":{"start":{"line":5,"column":0},"end":{"line":5,"column":34}},"4":{"start":{"line":6,"column":0},"end":{"line":6,"column":30}}},"fnMap":{},"branchMap":{},"s":{"0":5,"1":5,"2":5,"3":5,"4":5},"f":{},"b":{},"_coverageSchema":"332fd63041d2c1bcb487cc26dd0d5f7d97098a6c","hash":"a3e34e3afad5c3ec4cdd2feca1db8a36f6d120c8"}
,"/Users/draz/tasks/3yourmind/dist/utils.js": {"path":"/Users/draz/tasks/3yourmind/dist/utils.js","statementMap":{"0":{"start":{"line":2,"column":0},"end":{"line":2,"column":62}},"1":{"start":{"line":4,"column":27},"end":{"line":4,"column":66}},"2":{"start":{"line":5,"column":19},"end":{"line":5,"column":46}},"3":{"start":{"line":6,"column":4},"end":{"line":6,"column":34}},"4":{"start":{"line":7,"column":4},"end":{"line":7,"column":21}},"5":{"start":{"line":9,"column":0},"end":{"line":9,"column":42}},"6":{"start":{"line":11,"column":14},"end":{"line":11,"column":54}},"7":{"start":{"line":12,"column":26},"end":{"line":12,"column":42}},"8":{"start":{"line":13,"column":4},"end":{"line":13,"column":26}},"9":{"start":{"line":15,"column":0},"end":{"line":15,"column":76}}},"fnMap":{"0":{"name":"sendBase64Image","decl":{"start":{"line":3,"column":9},"end":{"line":3,"column":24}},"loc":{"start":{"line":3,"column":37},"end":{"line":8,"column":1}},"line":3},"1":{"name":"getMimeAndDataFrom64BitImageData","decl":{"start":{"line":10,"column":9},"end":{"line":10,"column":41}},"loc":{"start":{"line":10,"column":49},"end":{"line":14,"column":1}},"line":10}},"branchMap":{},"s":{"0":2,"1":1,"2":1,"3":1,"4":1,"5":2,"6":2,"7":2,"8":2,"9":2},"f":{"0":1,"1":2},"b":{},"_coverageSchema":"332fd63041d2c1bcb487cc26dd0d5f7d97098a6c","hash":"79dec75efe1e1b1235f0469b911dbd7564e0095d"}
,"/Users/draz/tasks/3yourmind/dist/routes/index.js": {"path":"/Users/draz/tasks/3yourmind/dist/routes/index.js","statementMap":{"0":{"start":{"line":2,"column":0},"end":{"line":2,"column":62}},"1":{"start":{"line":3,"column":18},"end":{"line":3,"column":36}},"2":{"start":{"line":4,"column":15},"end":{"line":4,"column":32}},"3":{"start":{"line":5,"column":17},"end":{"line":5,"column":36}},"4":{"start":{"line":6,"column":17},"end":{"line":6,"column":37}},"5":{"start":{"line":7,"column":15},"end":{"line":7,"column":33}},"6":{"start":{"line":8,"column":0},"end":{"line":8,"column":36}},"7":{"start":{"line":9,"column":0},"end":{"line":9,"column":50}},"8":{"start":{"line":10,"column":0},"end":{"line":10,"column":25}}},"fnMap":{},"branchMap":{},"s":{"0":1,"1":1,"2":1,"3":1,"4":1,"5":1,"6":1,"7":1,"8":1},"f":{},"b":{},"_coverageSchema":"332fd63041d2c1bcb487cc26dd0d5f7d97098a6c","hash":"aa887b09c2c5f110c0a4ec4f6740e0899ad55ba0"}
,"/Users/draz/tasks/3yourmind/dist/routes/routes.js": {"path":"/Users/draz/tasks/3yourmind/dist/routes/routes.js","statementMap":{"0":{"start":{"line":2,"column":0},"end":{"line":2,"column":62}},"1":{"start":{"line":4,"column":4},"end":{"line":4,"column":31}},"2":{"start":{"line":6,"column":0},"end":{"line":6,"column":30}}},"fnMap":{"0":{"name":"RoutRoute","decl":{"start":{"line":3,"column":9},"end":{"line":3,"column":18}},"loc":{"start":{"line":3,"column":29},"end":{"line":5,"column":1}},"line":3}},"branchMap":{},"s":{"0":1,"1":1,"2":1},"f":{"0":1},"b":{},"_coverageSchema":"332fd63041d2c1bcb487cc26dd0d5f7d97098a6c","hash":"43cc591859606e2681534fff6449bbbb0a07e705"}
,"/Users/draz/tasks/3yourmind/dist/routes/cats/cats.js": {"path":"/Users/draz/tasks/3yourmind/dist/routes/cats/cats.js","statementMap":{"0":{"start":{"line":2,"column":16},"end":{"line":9,"column":1}},"1":{"start":{"line":3,"column":4},"end":{"line":8,"column":7}},"2":{"start":{"line":4,"column":36},"end":{"line":4,"column":97}},"3":{"start":{"line":4,"column":42},"end":{"line":4,"column":70}},"4":{"start":{"line":4,"column":85},"end":{"line":4,"column":95}},"5":{"start":{"line":5,"column":35},"end":{"line":5,"column":100}},"6":{"start":{"line":5,"column":41},"end":{"line":5,"column":73}},"7":{"start":{"line":5,"column":88},"end":{"line":5,"column":98}},"8":{"start":{"line":6,"column":32},"end":{"line":6,"column":149}},"9":{"start":{"line":6,"column":97},"end":{"line":6,"column":119}},"10":{"start":{"line":7,"column":8},"end":{"line":7,"column":78}},"11":{"start":{"line":10,"column":0},"end":{"line":10,"column":62}},"12":{"start":{"line":11,"column":15},"end":{"line":11,"column":44}},"13":{"start":{"line":12,"column":16},"end":{"line":12,"column":38}},"14":{"start":{"line":14,"column":4},"end":{"line":17,"column":7}},"15":{"start":{"line":15,"column":21},"end":{"line":15,"column":89}},"16":{"start":{"line":16,"column":8},"end":{"line":16,"column":39}},"17":{"start":{"line":19,"column":0},"end":{"line":19,"column":46}},"18":{"start":{"line":21,"column":4},"end":{"line":24,"column":7}},"19":{"start":{"line":22,"column":20},"end":{"line":22,"column":81}},"20":{"start":{"line":23,"column":8},"end":{"line":23,"column":42}},"21":{"start":{"line":26,"column":0},"end":{"line":26,"column":56}}},"fnMap":{"0":{"name":"(anonymous_0)","decl":{"start":{"line":2,"column":44},"end":{"line":2,"column":45}},"loc":{"start":{"line":2,"column":89},"end":{"line":9,"column":1}},"line":2},"1":{"name":"(anonymous_1)","decl":{"start":{"line":3,"column":36},"end":{"line":3,"column":37}},"loc":{"start":{"line":3,"column":63},"end":{"line":8,"column":5}},"line":3},"2":{"name":"fulfilled","decl":{"start":{"line":4,"column":17},"end":{"line":4,"column":26}},"loc":{"start":{"line":4,"column":34},"end":{"line":4,"column":99}},"line":4},"3":{"name":"rejected","decl":{"start":{"line":5,"column":17},"end":{"line":5,"column":25}},"loc":{"start":{"line":5,"column":33},"end":{"line":5,"column":102}},"line":5},"4":{"name":"step","decl":{"start":{"line":6,"column":17},"end":{"line":6,"column":21}},"loc":{"start":{"line":6,"column":30},"end":{"line":6,"column":151}},"line":6},"5":{"name":"(anonymous_5)","decl":{"start":{"line":6,"column":76},"end":{"line":6,"column":77}},"loc":{"start":{"line":6,"column":95},"end":{"line":6,"column":121}},"line":6},"6":{"name":"findCatByTagRoute","decl":{"start":{"line":13,"column":9},"end":{"line":13,"column":26}},"loc":{"start":{"line":13,"column":37},"end":{"line":18,"column":1}},"line":13},"7":{"name":"(anonymous_7)","decl":{"start":{"line":14,"column":43},"end":{"line":14,"column":44}},"loc":{"start":{"line":14,"column":56},"end":{"line":17,"column":5}},"line":14},"8":{"name":"findCatByTagAndIdRoute","decl":{"start":{"line":20,"column":9},"end":{"line":20,"column":31}},"loc":{"start":{"line":20,"column":42},"end":{"line":25,"column":1}},"line":20},"9":{"name":"(anonymous_9)","decl":{"start":{"line":21,"column":43},"end":{"line":21,"column":44}},"loc":{"start":{"line":21,"column":56},"end":{"line":24,"column":5}},"line":21}},"branchMap":{"0":{"loc":{"start":{"line":2,"column":16},"end":{"line":9,"column":1}},"type":"binary-expr","locations":[{"start":{"line":2,"column":17},"end":{"line":2,"column":21}},{"start":{"line":2,"column":25},"end":{"line":2,"column":39}},{"start":{"line":2,"column":44},"end":{"line":9,"column":1}}],"line":2},"1":{"loc":{"start":{"line":3,"column":16},"end":{"line":3,"column":34}},"type":"binary-expr","locations":[{"start":{"line":3,"column":16},"end":{"line":3,"column":17}},{"start":{"line":3,"column":22},"end":{"line":3,"column":33}}],"line":3},"2":{"loc":{"start":{"line":6,"column":32},"end":{"line":6,"column":148}},"type":"cond-expr","locations":[{"start":{"line":6,"column":46},"end":{"line":6,"column":67}},{"start":{"line":6,"column":70},"end":{"line":6,"column":148}}],"line":6},"3":{"loc":{"start":{"line":7,"column":51},"end":{"line":7,"column":67}},"type":"binary-expr","locations":[{"start":{"line":7,"column":51},"end":{"line":7,"column":61}},{"start":{"line":7,"column":65},"end":{"line":7,"column":67}}],"line":7}},"s":{"0":2,"1":4,"2":4,"3":4,"4":0,"5":0,"6":0,"7":0,"8":8,"9":4,"10":4,"11":2,"12":2,"13":2,"14":3,"15":3,"16":3,"17":2,"18":1,"19":1,"20":1,"21":2},"f":{"0":4,"1":4,"2":4,"3":0,"4":8,"5":4,"6":3,"7":3,"8":1,"9":1},"b":{"0":[2,2,2],"1":[4,4],"2":[4,4],"3":[4,4]},"_coverageSchema":"332fd63041d2c1bcb487cc26dd0d5f7d97098a6c","hash":"cdff62d2c12bf3efe3d37788fc653660a376929f"}
,"/Users/draz/tasks/3yourmind/dist/routes/cats/index.js": {"path":"/Users/draz/tasks/3yourmind/dist/routes/cats/index.js","statementMap":{"0":{"start":{"line":2,"column":0},"end":{"line":2,"column":62}},"1":{"start":{"line":3,"column":18},"end":{"line":3,"column":36}},"2":{"start":{"line":4,"column":15},"end":{"line":4,"column":32}},"3":{"start":{"line":5,"column":15},"end":{"line":5,"column":33}},"4":{"start":{"line":6,"column":0},"end":{"line":6,"column":46}},"5":{"start":{"line":7,"column":0},"end":{"line":7,"column":55}},"6":{"start":{"line":8,"column":0},"end":{"line":8,"column":25}}},"fnMap":{},"branchMap":{},"s":{"0":2,"1":2,"2":2,"3":2,"4":2,"5":2,"6":2},"f":{},"b":{},"_coverageSchema":"332fd63041d2c1bcb487cc26dd0d5f7d97098a6c","hash":"c5293b4a7df44c1d983b13a4a70efe53365ca982"}
,"/Users/draz/tasks/3yourmind/dist/service/cache/file-cache.adapter.js": {"path":"/Users/draz/tasks/3yourmind/dist/service/cache/file-cache.adapter.js","statementMap":{"0":{"start":{"line":2,"column":16},"end":{"line":9,"column":1}},"1":{"start":{"line":3,"column":4},"end":{"line":8,"column":7}},"2":{"start":{"line":4,"column":36},"end":{"line":4,"column":97}},"3":{"start":{"line":4,"column":42},"end":{"line":4,"column":70}},"4":{"start":{"line":4,"column":85},"end":{"line":4,"column":95}},"5":{"start":{"line":5,"column":35},"end":{"line":5,"column":100}},"6":{"start":{"line":5,"column":41},"end":{"line":5,"column":73}},"7":{"start":{"line":5,"column":88},"end":{"line":5,"column":98}},"8":{"start":{"line":6,"column":32},"end":{"line":6,"column":149}},"9":{"start":{"line":6,"column":97},"end":{"line":6,"column":119}},"10":{"start":{"line":7,"column":8},"end":{"line":7,"column":78}},"11":{"start":{"line":10,"column":0},"end":{"line":10,"column":62}},"12":{"start":{"line":11,"column":13},"end":{"line":11,"column":28}},"13":{"start":{"line":12,"column":14},"end":{"line":12,"column":41}},"14":{"start":{"line":15,"column":8},"end":{"line":15,"column":26}},"15":{"start":{"line":16,"column":8},"end":{"line":16,"column":36}},"16":{"start":{"line":19,"column":8},"end":{"line":21,"column":11}},"17":{"start":{"line":20,"column":12},"end":{"line":20,"column":69}},"18":{"start":{"line":24,"column":8},"end":{"line":26,"column":11}},"19":{"start":{"line":25,"column":12},"end":{"line":25,"column":119}},"20":{"start":{"line":25,"column":59},"end":{"line":25,"column":116}},"21":{"start":{"line":25,"column":93},"end":{"line":25,"column":115}},"22":{"start":{"line":29,"column":8},"end":{"line":31,"column":11}},"23":{"start":{"line":30,"column":12},"end":{"line":30,"column":73}},"24":{"start":{"line":34,"column":8},"end":{"line":36,"column":11}},"25":{"start":{"line":35,"column":12},"end":{"line":35,"column":70}},"26":{"start":{"line":39,"column":0},"end":{"line":39,"column":44}},"27":{"start":{"line":40,"column":0},"end":{"line":40,"column":35}}},"fnMap":{"0":{"name":"(anonymous_0)","decl":{"start":{"line":2,"column":44},"end":{"line":2,"column":45}},"loc":{"start":{"line":2,"column":89},"end":{"line":9,"column":1}},"line":2},"1":{"name":"(anonymous_1)","decl":{"start":{"line":3,"column":36},"end":{"line":3,"column":37}},"loc":{"start":{"line":3,"column":63},"end":{"line":8,"column":5}},"line":3},"2":{"name":"fulfilled","decl":{"start":{"line":4,"column":17},"end":{"line":4,"column":26}},"loc":{"start":{"line":4,"column":34},"end":{"line":4,"column":99}},"line":4},"3":{"name":"rejected","decl":{"start":{"line":5,"column":17},"end":{"line":5,"column":25}},"loc":{"start":{"line":5,"column":33},"end":{"line":5,"column":102}},"line":5},"4":{"name":"step","decl":{"start":{"line":6,"column":17},"end":{"line":6,"column":21}},"loc":{"start":{"line":6,"column":30},"end":{"line":6,"column":151}},"line":6},"5":{"name":"(anonymous_5)","decl":{"start":{"line":6,"column":76},"end":{"line":6,"column":77}},"loc":{"start":{"line":6,"column":95},"end":{"line":6,"column":121}},"line":6},"6":{"name":"(anonymous_6)","decl":{"start":{"line":14,"column":4},"end":{"line":14,"column":5}},"loc":{"start":{"line":14,"column":25},"end":{"line":17,"column":5}},"line":14},"7":{"name":"(anonymous_7)","decl":{"start":{"line":18,"column":4},"end":{"line":18,"column":5}},"loc":{"start":{"line":18,"column":13},"end":{"line":22,"column":5}},"line":18},"8":{"name":"(anonymous_8)","decl":{"start":{"line":19,"column":47},"end":{"line":19,"column":48}},"loc":{"start":{"line":19,"column":60},"end":{"line":21,"column":9}},"line":19},"9":{"name":"(anonymous_9)","decl":{"start":{"line":23,"column":4},"end":{"line":23,"column":5}},"loc":{"start":{"line":23,"column":18},"end":{"line":27,"column":5}},"line":23},"10":{"name":"(anonymous_10)","decl":{"start":{"line":24,"column":47},"end":{"line":24,"column":48}},"loc":{"start":{"line":24,"column":60},"end":{"line":26,"column":9}},"line":24},"11":{"name":"(anonymous_11)","decl":{"start":{"line":25,"column":45},"end":{"line":25,"column":46}},"loc":{"start":{"line":25,"column":59},"end":{"line":25,"column":116}},"line":25},"12":{"name":"(anonymous_12)","decl":{"start":{"line":25,"column":84},"end":{"line":25,"column":85}},"loc":{"start":{"line":25,"column":93},"end":{"line":25,"column":115}},"line":25},"13":{"name":"(anonymous_13)","decl":{"start":{"line":28,"column":4},"end":{"line":28,"column":5}},"loc":{"start":{"line":28,"column":13},"end":{"line":32,"column":5}},"line":28},"14":{"name":"(anonymous_14)","decl":{"start":{"line":29,"column":47},"end":{"line":29,"column":48}},"loc":{"start":{"line":29,"column":60},"end":{"line":31,"column":9}},"line":29},"15":{"name":"(anonymous_15)","decl":{"start":{"line":33,"column":4},"end":{"line":33,"column":5}},"loc":{"start":{"line":33,"column":12},"end":{"line":37,"column":5}},"line":33},"16":{"name":"(anonymous_16)","decl":{"start":{"line":34,"column":47},"end":{"line":34,"column":48}},"loc":{"start":{"line":34,"column":60},"end":{"line":36,"column":9}},"line":34}},"branchMap":{"0":{"loc":{"start":{"line":2,"column":16},"end":{"line":9,"column":1}},"type":"binary-expr","locations":[{"start":{"line":2,"column":17},"end":{"line":2,"column":21}},{"start":{"line":2,"column":25},"end":{"line":2,"column":39}},{"start":{"line":2,"column":44},"end":{"line":9,"column":1}}],"line":2},"1":{"loc":{"start":{"line":3,"column":16},"end":{"line":3,"column":34}},"type":"binary-expr","locations":[{"start":{"line":3,"column":16},"end":{"line":3,"column":17}},{"start":{"line":3,"column":22},"end":{"line":3,"column":33}}],"line":3},"2":{"loc":{"start":{"line":6,"column":32},"end":{"line":6,"column":148}},"type":"cond-expr","locations":[{"start":{"line":6,"column":46},"end":{"line":6,"column":67}},{"start":{"line":6,"column":70},"end":{"line":6,"column":148}}],"line":6},"3":{"loc":{"start":{"line":7,"column":51},"end":{"line":7,"column":67}},"type":"binary-expr","locations":[{"start":{"line":7,"column":51},"end":{"line":7,"column":61}},{"start":{"line":7,"column":65},"end":{"line":7,"column":67}}],"line":7},"4":{"loc":{"start":{"line":20,"column":19},"end":{"line":20,"column":68}},"type":"binary-expr","locations":[{"start":{"line":20,"column":19},"end":{"line":20,"column":29}},{"start":{"line":20,"column":33},"end":{"line":20,"column":68}}],"line":20},"5":{"loc":{"start":{"line":25,"column":12},"end":{"line":25,"column":118}},"type":"binary-expr","locations":[{"start":{"line":25,"column":12},"end":{"line":25,"column":22}},{"start":{"line":25,"column":27},"end":{"line":25,"column":117}}],"line":25},"6":{"loc":{"start":{"line":25,"column":93},"end":{"line":25,"column":115}},"type":"cond-expr","locations":[{"start":{"line":25,"column":99},"end":{"line":25,"column":107}},{"start":{"line":25,"column":110},"end":{"line":25,"column":115}}],"line":25},"7":{"loc":{"start":{"line":30,"column":12},"end":{"line":30,"column":72}},"type":"binary-expr","locations":[{"start":{"line":30,"column":12},"end":{"line":30,"column":22}},{"start":{"line":30,"column":27},"end":{"line":30,"column":71}}],"line":30},"8":{"loc":{"start":{"line":35,"column":12},"end":{"line":35,"column":69}},"type":"binary-expr","locations":[{"start":{"line":35,"column":12},"end":{"line":35,"column":22}},{"start":{"line":35,"column":27},"end":{"line":35,"column":68}}],"line":35}},"s":{"0":4,"1":38,"2":8,"3":8,"4":0,"5":0,"6":0,"7":0,"8":46,"9":8,"10":38,"11":4,"12":4,"13":4,"14":4,"15":4,"16":27,"17":27,"18":6,"19":6,"20":6,"21":6,"22":1,"23":1,"24":4,"25":4,"26":4,"27":4},"f":{"0":38,"1":38,"2":8,"3":0,"4":46,"5":8,"6":4,"7":27,"8":27,"9":6,"10":6,"11":6,"12":6,"13":1,"14":1,"15":4,"16":4},"b":{"0":[4,4,4],"1":[38,38],"2":[38,8],"3":[38,38],"4":[27,27],"5":[6,6],"6":[0,6],"7":[1,1],"8":[4,1]},"_coverageSchema":"332fd63041d2c1bcb487cc26dd0d5f7d97098a6c","hash":"491cebd224a654d01d556b04c8c30ce9ab383cdb"}
,"/Users/draz/tasks/3yourmind/dist/service/cache/index.js": {"path":"/Users/draz/tasks/3yourmind/dist/service/cache/index.js","statementMap":{"0":{"start":{"line":2,"column":0},"end":{"line":2,"column":62}},"1":{"start":{"line":4,"column":29},"end":{"line":4,"column":60}},"2":{"start":{"line":7,"column":0},"end":{"line":7,"column":22}},"3":{"start":{"line":8,"column":0},"end":{"line":8,"column":24}}},"fnMap":{},"branchMap":{},"s":{"0":4,"1":4,"2":4,"3":4},"f":{},"b":{},"_coverageSchema":"332fd63041d2c1bcb487cc26dd0d5f7d97098a6c","hash":"97f8edda2f5f61690ed6bf8f008255d31c0885c1"}
,"/Users/draz/tasks/3yourmind/dist/service/cats/catass.adapter.js": {"path":"/Users/draz/tasks/3yourmind/dist/service/cats/catass.adapter.js","statementMap":{"0":{"start":{"line":2,"column":0},"end":{"line":2,"column":62}},"1":{"start":{"line":3,"column":16},"end":{"line":3,"column":34}},"2":{"start":{"line":4,"column":23},"end":{"line":4,"column":50}},"3":{"start":{"line":5,"column":21},"end":{"line":5,"column":45}},"4":{"start":{"line":7,"column":4},"end":{"line":16,"column":7}},"5":{"start":{"line":8,"column":23},"end":{"line":15,"column":10}},"6":{"start":{"line":9,"column":25},"end":{"line":9,"column":52}},"7":{"start":{"line":10,"column":12},"end":{"line":14,"column":15}},"8":{"start":{"line":11,"column":16},"end":{"line":12,"column":39}},"9":{"start":{"line":12,"column":20},"end":{"line":12,"column":39}},"10":{"start":{"line":13,"column":16},"end":{"line":13,"column":76}},"11":{"start":{"line":18,"column":0},"end":{"line":18,"column":42}}},"fnMap":{"0":{"name":"fetchBase64Data","decl":{"start":{"line":6,"column":9},"end":{"line":6,"column":24}},"loc":{"start":{"line":6,"column":30},"end":{"line":17,"column":1}},"line":6},"1":{"name":"(anonymous_1)","decl":{"start":{"line":7,"column":23},"end":{"line":7,"column":24}},"loc":{"start":{"line":7,"column":44},"end":{"line":16,"column":5}},"line":7},"2":{"name":"(anonymous_2)","decl":{"start":{"line":8,"column":76},"end":{"line":8,"column":77}},"loc":{"start":{"line":8,"column":85},"end":{"line":15,"column":9}},"line":8},"3":{"name":"(anonymous_3)","decl":{"start":{"line":10,"column":35},"end":{"line":10,"column":36}},"loc":{"start":{"line":10,"column":52},"end":{"line":14,"column":13}},"line":10}},"branchMap":{"0":{"loc":{"start":{"line":11,"column":16},"end":{"line":12,"column":39}},"type":"if","locations":[{"start":{"line":11,"column":16},"end":{"line":12,"column":39}},{"start":{"line":11,"column":16},"end":{"line":12,"column":39}}],"line":11}},"s":{"0":4,"1":4,"2":4,"3":4,"4":5,"5":5,"6":5,"7":5,"8":5,"9":0,"10":5,"11":4},"f":{"0":5,"1":5,"2":5,"3":5},"b":{"0":[0,5]},"_coverageSchema":"332fd63041d2c1bcb487cc26dd0d5f7d97098a6c","hash":"90563c7f32cbb054fe0a622a4c78358587d7bf46"}
,"/Users/draz/tasks/3yourmind/dist/service/cats/index.js": {"path":"/Users/draz/tasks/3yourmind/dist/service/cats/index.js","statementMap":{"0":{"start":{"line":2,"column":16},"end":{"line":9,"column":1}},"1":{"start":{"line":3,"column":4},"end":{"line":8,"column":7}},"2":{"start":{"line":4,"column":36},"end":{"line":4,"column":97}},"3":{"start":{"line":4,"column":42},"end":{"line":4,"column":70}},"4":{"start":{"line":4,"column":85},"end":{"line":4,"column":95}},"5":{"start":{"line":5,"column":35},"end":{"line":5,"column":100}},"6":{"start":{"line":5,"column":41},"end":{"line":5,"column":73}},"7":{"start":{"line":5,"column":88},"end":{"line":5,"column":98}},"8":{"start":{"line":6,"column":32},"end":{"line":6,"column":149}},"9":{"start":{"line":6,"column":97},"end":{"line":6,"column":119}},"10":{"start":{"line":7,"column":8},"end":{"line":7,"column":78}},"11":{"start":{"line":10,"column":0},"end":{"line":10,"column":62}},"12":{"start":{"line":11,"column":25},"end":{"line":11,"column":52}},"13":{"start":{"line":12,"column":16},"end":{"line":12,"column":35}},"14":{"start":{"line":13,"column":17},"end":{"line":13,"column":40}},"15":{"start":{"line":14,"column":0},"end":{"line":14,"column":121}},"16":{"start":{"line":16,"column":4},"end":{"line":20,"column":7}},"17":{"start":{"line":17,"column":8},"end":{"line":19,"column":72}},"18":{"start":{"line":17,"column":70},"end":{"line":19,"column":69}},"19":{"start":{"line":22,"column":0},"end":{"line":22,"column":38}},"20":{"start":{"line":24,"column":4},"end":{"line":32,"column":7}},"21":{"start":{"line":25,"column":18},"end":{"line":25,"column":32}},"22":{"start":{"line":26,"column":18},"end":{"line":26,"column":49}},"23":{"start":{"line":27,"column":8},"end":{"line":30,"column":9}},"24":{"start":{"line":28,"column":12},"end":{"line":28,"column":62}},"25":{"start":{"line":29,"column":12},"end":{"line":29,"column":49}},"26":{"start":{"line":31,"column":8},"end":{"line":31,"column":19}},"27":{"start":{"line":34,"column":0},"end":{"line":34,"column":46}}},"fnMap":{"0":{"name":"(anonymous_0)","decl":{"start":{"line":2,"column":44},"end":{"line":2,"column":45}},"loc":{"start":{"line":2,"column":89},"end":{"line":9,"column":1}},"line":2},"1":{"name":"(anonymous_1)","decl":{"start":{"line":3,"column":36},"end":{"line":3,"column":37}},"loc":{"start":{"line":3,"column":63},"end":{"line":8,"column":5}},"line":3},"2":{"name":"fulfilled","decl":{"start":{"line":4,"column":17},"end":{"line":4,"column":26}},"loc":{"start":{"line":4,"column":34},"end":{"line":4,"column":99}},"line":4},"3":{"name":"rejected","decl":{"start":{"line":5,"column":17},"end":{"line":5,"column":25}},"loc":{"start":{"line":5,"column":33},"end":{"line":5,"column":102}},"line":5},"4":{"name":"step","decl":{"start":{"line":6,"column":17},"end":{"line":6,"column":21}},"loc":{"start":{"line":6,"column":30},"end":{"line":6,"column":151}},"line":6},"5":{"name":"(anonymous_5)","decl":{"start":{"line":6,"column":76},"end":{"line":6,"column":77}},"loc":{"start":{"line":6,"column":95},"end":{"line":6,"column":121}},"line":6},"6":{"name":"findCatsByTag","decl":{"start":{"line":15,"column":9},"end":{"line":15,"column":22}},"loc":{"start":{"line":15,"column":58},"end":{"line":21,"column":1}},"line":15},"7":{"name":"(anonymous_7)","decl":{"start":{"line":16,"column":43},"end":{"line":16,"column":44}},"loc":{"start":{"line":16,"column":56},"end":{"line":20,"column":5}},"line":16},"8":{"name":"(anonymous_8)","decl":{"start":{"line":17,"column":59},"end":{"line":17,"column":60}},"loc":{"start":{"line":17,"column":70},"end":{"line":19,"column":69}},"line":17},"9":{"name":"findCatByTagAndId","decl":{"start":{"line":23,"column":9},"end":{"line":23,"column":26}},"loc":{"start":{"line":23,"column":40},"end":{"line":33,"column":1}},"line":23},"10":{"name":"(anonymous_10)","decl":{"start":{"line":24,"column":43},"end":{"line":24,"column":44}},"loc":{"start":{"line":24,"column":56},"end":{"line":32,"column":5}},"line":24}},"branchMap":{"0":{"loc":{"start":{"line":2,"column":16},"end":{"line":9,"column":1}},"type":"binary-expr","locations":[{"start":{"line":2,"column":17},"end":{"line":2,"column":21}},{"start":{"line":2,"column":25},"end":{"line":2,"column":39}},{"start":{"line":2,"column":44},"end":{"line":9,"column":1}}],"line":2},"1":{"loc":{"start":{"line":3,"column":16},"end":{"line":3,"column":34}},"type":"binary-expr","locations":[{"start":{"line":3,"column":16},"end":{"line":3,"column":17}},{"start":{"line":3,"column":22},"end":{"line":3,"column":33}}],"line":3},"2":{"loc":{"start":{"line":6,"column":32},"end":{"line":6,"column":148}},"type":"cond-expr","locations":[{"start":{"line":6,"column":46},"end":{"line":6,"column":67}},{"start":{"line":6,"column":70},"end":{"line":6,"column":148}}],"line":6},"3":{"loc":{"start":{"line":7,"column":51},"end":{"line":7,"column":67}},"type":"binary-expr","locations":[{"start":{"line":7,"column":51},"end":{"line":7,"column":61}},{"start":{"line":7,"column":65},"end":{"line":7,"column":67}}],"line":7},"4":{"loc":{"start":{"line":15,"column":30},"end":{"line":15,"column":38}},"type":"default-arg","locations":[{"start":{"line":15,"column":37},"end":{"line":15,"column":38}}],"line":15},"5":{"loc":{"start":{"line":15,"column":40},"end":{"line":15,"column":54}},"type":"default-arg","locations":[{"start":{"line":15,"column":49},"end":{"line":15,"column":54}}],"line":15},"6":{"loc":{"start":{"line":17,"column":70},"end":{"line":19,"column":69}},"type":"cond-expr","locations":[{"start":{"line":18,"column":14},"end":{"line":18,"column":44}},{"start":{"line":19,"column":14},"end":{"line":19,"column":69}}],"line":17},"7":{"loc":{"start":{"line":27,"column":8},"end":{"line":30,"column":9}},"type":"if","locations":[{"start":{"line":27,"column":8},"end":{"line":30,"column":9}},{"start":{"line":27,"column":8},"end":{"line":30,"column":9}}],"line":27}},"s":{"0":3,"1":29,"2":31,"3":31,"4":0,"5":0,"6":0,"7":0,"8":60,"9":31,"10":29,"11":3,"12":3,"13":3,"14":3,"15":3,"16":6,"17":6,"18":30,"19":3,"20":23,"21":23,"22":23,"23":23,"24":4,"25":4,"26":23,"27":3},"f":{"0":29,"1":29,"2":31,"3":0,"4":60,"5":31,"6":6,"7":6,"8":30,"9":23,"10":23},"b":{"0":[3,3,3],"1":[29,29],"2":[29,31],"3":[29,29],"4":[6],"5":[2],"6":[20,10],"7":[4,19]},"_coverageSchema":"332fd63041d2c1bcb487cc26dd0d5f7d97098a6c","hash":"cbbe415c985cf76206d4741ccdd7a7f8bcb411f7"}
,"/Users/draz/tasks/3yourmind/dist/test/test-helper.js": {"path":"/Users/draz/tasks/3yourmind/dist/test/test-helper.js","statementMap":{"0":{"start":{"line":2,"column":0},"end":{"line":2,"column":62}},"1":{"start":{"line":3,"column":17},"end":{"line":3,"column":37}},"2":{"start":{"line":5,"column":4},"end":{"line":5,"column":125}},"3":{"start":{"line":5,"column":67},"end":{"line":5,"column":122}},"4":{"start":{"line":7,"column":0},"end":{"line":7,"column":46}},"5":{"start":{"line":9,"column":4},"end":{"line":9,"column":39}},"6":{"start":{"line":10,"column":4},"end":{"line":10,"column":56}},"7":{"start":{"line":12,"column":4},"end":{"line":12,"column":72}},"8":{"start":{"line":14,"column":4},"end":{"line":14,"column":135}},"9":{"start":{"line":16,"column":0},"end":{"line":16,"column":48}}},"fnMap":{"0":{"name":"checkValidCatUrls","decl":{"start":{"line":4,"column":9},"end":{"line":4,"column":26}},"loc":{"start":{"line":4,"column":51},"end":{"line":6,"column":1}},"line":4},"1":{"name":"(anonymous_1)","decl":{"start":{"line":5,"column":56},"end":{"line":5,"column":57}},"loc":{"start":{"line":5,"column":67},"end":{"line":5,"column":122}},"line":5},"2":{"name":"checkIfbase64Image","decl":{"start":{"line":8,"column":9},"end":{"line":8,"column":27}},"loc":{"start":{"line":8,"column":42},"end":{"line":15,"column":1}},"line":8}},"branchMap":{"0":{"loc":{"start":{"line":4,"column":41},"end":{"line":4,"column":49}},"type":"default-arg","locations":[{"start":{"line":4,"column":48},"end":{"line":4,"column":49}}],"line":4}},"s":{"0":3,"1":3,"2":2,"3":10,"4":3,"5":7,"6":7,"7":7,"8":7,"9":3},"f":{"0":2,"1":10,"2":7},"b":{"0":[2]},"_coverageSchema":"332fd63041d2c1bcb487cc26dd0d5f7d97098a6c","hash":"ab25528257083e2809f35f0bf6022227493d5310"}
,"/Users/draz/tasks/3yourmind/src/app.ts": {"path":"/Users/draz/tasks/3yourmind/src/app.ts","statementMap":{"0":{"start":{"line":1,"column":0},"end":{"line":1,"column":33}},"1":{"start":{"line":2,"column":0},"end":{"line":2,"column":31}},"2":{"start":{"line":3,"column":0},"end":{"line":3,"column":28}},"3":{"start":{"line":5,"column":12},"end":{"line":5,"column":21}},"4":{"start":{"line":7,"column":0},"end":{"line":7,"column":23}},"5":{"start":{"line":8,"column":0},"end":{"line":8,"column":15}},"6":{"start":{"line":10,"column":0},"end":{"line":10,"column":18}}},"fnMap":{},"branchMap":{},"s":{"0":1,"1":1,"2":1,"3":1,"4":1,"5":1,"6":1},"f":{},"b":{}}
,"/Users/draz/tasks/3yourmind/src/config.ts": {"path":"/Users/draz/tasks/3yourmind/src/config.ts","statementMap":{"0":{"start":{"line":2,"column":13},"end":{"line":2,"column":43}},"1":{"start":{"line":3,"column":13},"end":{"line":3,"column":42}},"2":{"start":{"line":4,"column":13},"end":{"line":4,"column":38}},"3":{"start":{"line":5,"column":13},"end":{"line":5,"column":34}}},"fnMap":{},"branchMap":{},"s":{"0":5,"1":5,"2":5,"3":5},"f":{},"b":{}}
,"/Users/draz/tasks/3yourmind/src/utils.ts": {"path":"/Users/draz/tasks/3yourmind/src/utils.ts","statementMap":{"0":{"start":{"line":6,"column":25},"end":{"line":6,"column":64}},"1":{"start":{"line":7,"column":17},"end":{"line":7,"column":44}},"2":{"start":{"line":8,"column":2},"end":{"line":8,"column":31}},"3":{"start":{"line":9,"column":2},"end":{"line":9,"column":19}},"4":{"start":{"line":5,"column":0},"end":{"line":10,"column":1}},"5":{"start":{"line":17,"column":12},"end":{"line":17,"column":52}},"6":{"start":{"line":18,"column":24},"end":{"line":18,"column":40}},"7":{"start":{"line":19,"column":2},"end":{"line":19,"column":23}},"8":{"start":{"line":16,"column":0},"end":{"line":20,"column":1}}},"fnMap":{"0":{"name":"sendBase64Image","decl":{"start":{"line":5,"column":16},"end":{"line":5,"column":31}},"loc":{"start":{"line":5,"column":42},"end":{"line":10,"column":1}}},"1":{"name":"getMimeAndDataFrom64BitImageData","decl":{"start":{"line":16,"column":16},"end":{"line":16,"column":48}},"loc":{"start":{"line":16,"column":54},"end":{"line":20,"column":1}}}},"branchMap":{},"s":{"0":1,"1":1,"2":1,"3":1,"4":2,"5":2,"6":2,"7":2,"8":2},"f":{"0":1,"1":2},"b":{}}
,"/Users/draz/tasks/3yourmind/src/routes/index.ts": {"path":"/Users/draz/tasks/3yourmind/src/routes/index.ts","statementMap":{"0":{"start":{"line":1,"column":0},"end":{"line":1,"column":31}},"1":{"start":{"line":2,"column":0},"end":{"line":2,"column":24}},"2":{"start":{"line":3,"column":0},"end":{"line":3,"column":33}},"3":{"start":{"line":4,"column":0},"end":{"line":4,"column":39}},"4":{"start":{"line":6,"column":15},"end":{"line":6,"column":23}},"5":{"start":{"line":8,"column":0},"end":{"line":8,"column":26}},"6":{"start":{"line":9,"column":0},"end":{"line":9,"column":30}},"7":{"start":{"line":11,"column":0},"end":{"line":11,"column":21}}},"fnMap":{},"branchMap":{},"s":{"0":1,"1":1,"2":1,"3":1,"4":1,"5":1,"6":1,"7":1},"f":{},"b":{}}
,"/Users/draz/tasks/3yourmind/src/routes/routes.ts": {"path":"/Users/draz/tasks/3yourmind/src/routes/routes.ts","statementMap":{"0":{"start":{"line":1,"column":0},"end":{"line":1,"column":39}},"1":{"start":{"line":7,"column":2},"end":{"line":7,"column":78}},"2":{"start":{"line":6,"column":0},"end":{"line":8,"column":1}}},"fnMap":{"0":{"name":"RoutRoute","decl":{"start":{"line":6,"column":16},"end":{"line":6,"column":25}},"loc":{"start":{"line":6,"column":33},"end":{"line":8,"column":1}}}},"branchMap":{},"s":{"0":1,"1":1,"2":1},"f":{"0":1},"b":{}}
,"/Users/draz/tasks/3yourmind/src/routes/cats/cats.ts": {"path":"/Users/draz/tasks/3yourmind/src/routes/cats/cats.ts","statementMap":{"0":{"start":{"line":1,"column":0},"end":{"line":1,"column":68}},"1":{"start":{"line":2,"column":0},"end":{"line":2,"column":44}},"2":{"start":{"line":12,"column":15},"end":{"line":12,"column":65}},"3":{"start":{"line":13,"column":2},"end":{"line":13,"column":32}},"4":{"start":{"line":11,"column":0},"end":{"line":14,"column":1}},"5":{"start":{"line":22,"column":14},"end":{"line":22,"column":54}},"6":{"start":{"line":23,"column":2},"end":{"line":23,"column":27}},"7":{"start":{"line":21,"column":0},"end":{"line":24,"column":1}}},"fnMap":{"0":{"name":"findCatByTagRoute","decl":{"start":{"line":11,"column":22},"end":{"line":11,"column":39}},"loc":{"start":{"line":11,"column":48},"end":{"line":14,"column":1}}},"1":{"name":"findCatByTagAndIdRoute","decl":{"start":{"line":21,"column":22},"end":{"line":21,"column":44}},"loc":{"start":{"line":21,"column":53},"end":{"line":24,"column":1}}}},"branchMap":{},"s":{"0":2,"1":2,"2":3,"3":3,"4":2,"5":1,"6":1,"7":2},"f":{"0":3,"1":1},"b":{}}
,"/Users/draz/tasks/3yourmind/src/routes/cats/index.ts": {"path":"/Users/draz/tasks/3yourmind/src/routes/cats/index.ts","statementMap":{"0":{"start":{"line":1,"column":0},"end":{"line":1,"column":31}},"1":{"start":{"line":2,"column":0},"end":{"line":5,"column":14}},"2":{"start":{"line":7,"column":15},"end":{"line":7,"column":23}},"3":{"start":{"line":9,"column":0},"end":{"line":9,"column":38}},"4":{"start":{"line":11,"column":0},"end":{"line":11,"column":47}},"5":{"start":{"line":13,"column":0},"end":{"line":13,"column":21}}},"fnMap":{},"branchMap":{},"s":{"0":2,"1":2,"2":2,"3":2,"4":2,"5":2},"f":{},"b":{}}
,"/Users/draz/tasks/3yourmind/src/service/cache/file-cache.adapter.ts": {"path":"/Users/draz/tasks/3yourmind/src/service/cache/file-cache.adapter.ts","statementMap":{"0":{"start":{"line":1,"column":0},"end":{"line":1,"column":27}},"1":{"start":{"line":2,"column":0},"end":{"line":2,"column":40}},"2":{"start":{"line":6,"column":10},"end":{"line":6,"column":22}},"3":{"start":{"line":15,"column":4},"end":{"line":15,"column":31}},"4":{"start":{"line":19,"column":4},"end":{"line":19,"column":60}},"5":{"start":{"line":22,"column":4},"end":{"line":22,"column":105}},"6":{"start":{"line":22,"column":50},"end":{"line":22,"column":103}},"7":{"start":{"line":22,"column":84},"end":{"line":22,"column":102}},"8":{"start":{"line":25,"column":4},"end":{"line":25,"column":62}},"9":{"start":{"line":28,"column":4},"end":{"line":28,"column":59}},"10":{"start":{"line":5,"column":0},"end":{"line":30,"column":1}},"11":{"start":{"line":32,"column":0},"end":{"line":32,"column":31}}},"fnMap":{"0":{"name":"(anonymous_6)","decl":{"start":{"line":8,"column":2},"end":{"line":8,"column":13}},"loc":{"start":{"line":14,"column":3},"end":{"line":16,"column":3}}},"1":{"name":"(anonymous_7)","decl":{"start":{"line":18,"column":8},"end":{"line":18,"column":10}},"loc":{"start":{"line":18,"column":15},"end":{"line":20,"column":3}}},"2":{"name":"(anonymous_9)","decl":{"start":{"line":21,"column":8},"end":{"line":21,"column":10}},"loc":{"start":{"line":21,"column":20},"end":{"line":23,"column":3}}},"3":{"name":"(anonymous_11)","decl":{"start":{"line":22,"column":36},"end":{"line":22,"column":37}},"loc":{"start":{"line":22,"column":50},"end":{"line":22,"column":103}}},"4":{"name":"(anonymous_12)","decl":{"start":{"line":22,"column":75},"end":{"line":22,"column":76}},"loc":{"start":{"line":22,"column":84},"end":{"line":22,"column":102}}},"5":{"name":"(anonymous_13)","decl":{"start":{"line":24,"column":8},"end":{"line":24,"column":10}},"loc":{"start":{"line":24,"column":15},"end":{"line":26,"column":3}}},"6":{"name":"(anonymous_15)","decl":{"start":{"line":27,"column":8},"end":{"line":27,"column":12}},"loc":{"start":{"line":27,"column":13},"end":{"line":29,"column":3}}}},"branchMap":{"0":{"loc":{"start":{"line":19,"column":11},"end":{"line":19,"column":21}},"type":"binary-expr","locations":[{"start":{"line":19,"column":11},"end":{"line":19,"column":21}},{"start":{"line":19,"column":25},"end":{"line":19,"column":60}}]},"1":{"loc":{"start":{"line":22,"column":4},"end":{"line":22,"column":14}},"type":"binary-expr","locations":[{"start":{"line":22,"column":4},"end":{"line":22,"column":14}},{"start":{"line":22,"column":18},"end":{"line":22,"column":105}}]},"2":{"loc":{"start":{"line":22,"column":88},"end":{"line":22,"column":96}},"type":"cond-expr","locations":[{"start":{"line":22,"column":88},"end":{"line":22,"column":96}},{"start":{"line":22,"column":97},"end":{"line":22,"column":102}}]},"3":{"loc":{"start":{"line":25,"column":4},"end":{"line":25,"column":14}},"type":"binary-expr","locations":[{"start":{"line":25,"column":4},"end":{"line":25,"column":14}},{"start":{"line":25,"column":18},"end":{"line":25,"column":62}}]},"4":{"loc":{"start":{"line":28,"column":4},"end":{"line":28,"column":14}},"type":"binary-expr","locations":[{"start":{"line":28,"column":4},"end":{"line":28,"column":14}},{"start":{"line":28,"column":18},"end":{"line":28,"column":59}}]}},"s":{"0":4,"1":4,"2":4,"3":4,"4":37,"5":2,"6":2,"7":2,"8":1,"9":4,"10":4,"11":4},"f":{"0":4,"1":37,"2":2,"3":2,"4":2,"5":1,"6":4},"b":{"0":[37,37],"1":[2,2],"2":[0,2],"3":[1,1],"4":[4,1]}}
,"/Users/draz/tasks/3yourmind/src/service/cache/index.ts": {"path":"/Users/draz/tasks/3yourmind/src/service/cache/index.ts","statementMap":{"0":{"start":{"line":2,"column":0},"end":{"line":2,"column":50}},"1":{"start":{"line":27,"column":0},"end":{"line":27,"column":58}},"2":{"start":{"line":29,"column":0},"end":{"line":29,"column":20}}},"fnMap":{},"branchMap":{},"s":{"0":4,"1":4,"2":4},"f":{},"b":{}}
,"/Users/draz/tasks/3yourmind/src/service/cats/catass.adapter.ts": {"path":"/Users/draz/tasks/3yourmind/src/service/cats/catass.adapter.ts","statementMap":{"0":{"start":{"line":1,"column":0},"end":{"line":1,"column":33}},"1":{"start":{"line":2,"column":0},"end":{"line":2,"column":49}},"2":{"start":{"line":5,"column":21},"end":{"line":5,"column":45}},"3":{"start":{"line":12,"column":2},"end":{"line":20,"column":4}},"4":{"start":{"line":13,"column":19},"end":{"line":19,"column":6}},"5":{"start":{"line":14,"column":19},"end":{"line":14,"column":46}},"6":{"start":{"line":15,"column":6},"end":{"line":18,"column":8}},"7":{"start":{"line":16,"column":8},"end":{"line":16,"column":35}},"8":{"start":{"line":16,"column":17},"end":{"line":16,"column":35}},"9":{"start":{"line":17,"column":8},"end":{"line":17,"column":67}},"10":{"start":{"line":11,"column":0},"end":{"line":21,"column":1}}},"fnMap":{"0":{"name":"fetchBase64Data","decl":{"start":{"line":11,"column":16},"end":{"line":11,"column":31}},"loc":{"start":{"line":11,"column":43},"end":{"line":21,"column":1}}},"1":{"name":"(anonymous_1)","decl":{"start":{"line":12,"column":39},"end":{"line":12,"column":40}},"loc":{"start":{"line":12,"column":59},"end":{"line":20,"column":3}}},"2":{"name":"(anonymous_2)","decl":{"start":{"line":13,"column":72},"end":{"line":13,"column":73}},"loc":{"start":{"line":13,"column":79},"end":{"line":19,"column":5}}},"3":{"name":"(anonymous_3)","decl":{"start":{"line":15,"column":29},"end":{"line":15,"column":30}},"loc":{"start":{"line":15,"column":44},"end":{"line":18,"column":7}}}},"branchMap":{"0":{"loc":{"start":{"line":16,"column":8},"end":{"line":16,"column":35}},"type":"if","locations":[{"start":{"line":16,"column":8},"end":{"line":16,"column":35}},{"start":{"line":16,"column":8},"end":{"line":16,"column":35}}]}},"s":{"0":4,"1":4,"2":4,"3":1,"4":1,"5":1,"6":1,"7":1,"8":0,"9":1,"10":4},"f":{"0":1,"1":1,"2":1,"3":1},"b":{"0":[0,1]}}
,"/Users/draz/tasks/3yourmind/src/service/cats/index.ts": {"path":"/Users/draz/tasks/3yourmind/src/service/cats/index.ts","statementMap":{"0":{"start":{"line":1,"column":0},"end":{"line":1,"column":49}},"1":{"start":{"line":2,"column":0},"end":{"line":2,"column":27}},"2":{"start":{"line":3,"column":0},"end":{"line":3,"column":78}},"3":{"start":{"line":19,"column":13},"end":{"line":19,"column":115}},"4":{"start":{"line":26,"column":2},"end":{"line":31,"column":7}},"5":{"start":{"line":28,"column":17},"end":{"line":30,"column":32}},"6":{"start":{"line":25,"column":0},"end":{"line":32,"column":1}},"7":{"start":{"line":40,"column":2},"end":{"line":40,"column":43}},"8":{"start":{"line":41,"column":2},"end":{"line":41,"column":46}},"9":{"start":{"line":39,"column":0},"end":{"line":42,"column":1}},"10":{"start":{"line":50,"column":12},"end":{"line":50,"column":26}},"11":{"start":{"line":51,"column":12},"end":{"line":51,"column":35}},"12":{"start":{"line":52,"column":2},"end":{"line":55,"column":3}},"13":{"start":{"line":53,"column":4},"end":{"line":53,"column":36}},"14":{"start":{"line":54,"column":4},"end":{"line":54,"column":32}},"15":{"start":{"line":56,"column":2},"end":{"line":56,"column":12}},"16":{"start":{"line":49,"column":0},"end":{"line":57,"column":1}}},"fnMap":{"0":{"name":"findCatsByTag","decl":{"start":{"line":25,"column":22},"end":{"line":25,"column":35}},"loc":{"start":{"line":25,"column":89},"end":{"line":32,"column":1}}},"1":{"name":"(anonymous_8)","decl":{"start":{"line":28,"column":6},"end":{"line":28,"column":7}},"loc":{"start":{"line":28,"column":17},"end":{"line":30,"column":32}}},"2":{"name":"getCatUrl","decl":{"start":{"line":39,"column":16},"end":{"line":39,"column":25}},"loc":{"start":{"line":39,"column":53},"end":{"line":42,"column":1}}},"3":{"name":"findCatByTagAndId","decl":{"start":{"line":49,"column":22},"end":{"line":49,"column":39}},"loc":{"start":{"line":49,"column":74},"end":{"line":57,"column":1}}}},"branchMap":{"0":{"loc":{"start":{"line":25,"column":50},"end":{"line":25,"column":51}},"type":"default-arg","locations":[{"start":{"line":25,"column":50},"end":{"line":25,"column":51}}]},"1":{"loc":{"start":{"line":25,"column":62},"end":{"line":25,"column":67}},"type":"default-arg","locations":[{"start":{"line":25,"column":62},"end":{"line":25,"column":67}}]},"2":{"loc":{"start":{"line":29,"column":10},"end":{"line":29,"column":40}},"type":"cond-expr","locations":[{"start":{"line":29,"column":10},"end":{"line":29,"column":40}},{"start":{"line":30,"column":10},"end":{"line":30,"column":32}}]},"3":{"loc":{"start":{"line":39,"column":47},"end":{"line":39,"column":51}},"type":"default-arg","locations":[{"start":{"line":39,"column":47},"end":{"line":39,"column":51}}]},"4":{"loc":{"start":{"line":40,"column":2},"end":{"line":40,"column":9}},"type":"binary-expr","locations":[{"start":{"line":40,"column":2},"end":{"line":40,"column":9}},{"start":{"line":40,"column":13},"end":{"line":40,"column":43}}]},"5":{"loc":{"start":{"line":52,"column":2},"end":{"line":55,"column":3}},"type":"if","locations":[{"start":{"line":52,"column":2},"end":{"line":55,"column":3}},{"start":{"line":52,"column":2},"end":{"line":55,"column":3}}]}},"s":{"0":3,"1":3,"2":3,"3":3,"4":6,"5":30,"6":3,"7":10,"8":10,"9":3,"10":33,"11":33,"12":33,"13":0,"14":0,"15":33,"16":3},"f":{"0":6,"1":30,"2":10,"3":33},"b":{"0":[6],"1":[2],"2":[20,10],"3":[10],"4":[10,10],"5":[0,33]}}
,"/Users/draz/tasks/3yourmind/src/test/test-helper.ts": {"path":"/Users/draz/tasks/3yourmind/src/test/test-helper.ts","statementMap":{"0":{"start":{"line":1,"column":0},"end":{"line":1,"column":45}},"1":{"start":{"line":4,"column":2},"end":{"line":4,"column":104}},"2":{"start":{"line":4,"column":65},"end":{"line":4,"column":102}},"3":{"start":{"line":3,"column":0},"end":{"line":5,"column":1}},"4":{"start":{"line":8,"column":2},"end":{"line":8,"column":40}},"5":{"start":{"line":9,"column":2},"end":{"line":9,"column":57}},"6":{"start":{"line":11,"column":2},"end":{"line":11,"column":73}},"7":{"start":{"line":13,"column":2},"end":{"line":13,"column":136}},"8":{"start":{"line":7,"column":0},"end":{"line":14,"column":1}}},"fnMap":{"0":{"name":"checkValidCatUrls","decl":{"start":{"line":3,"column":16},"end":{"line":3,"column":33}},"loc":{"start":{"line":3,"column":56},"end":{"line":5,"column":1}}},"1":{"name":"(anonymous_1)","decl":{"start":{"line":4,"column":54},"end":{"line":4,"column":55}},"loc":{"start":{"line":4,"column":65},"end":{"line":4,"column":102}}},"2":{"name":"checkIfbase64Image","decl":{"start":{"line":7,"column":16},"end":{"line":7,"column":34}},"loc":{"start":{"line":7,"column":51},"end":{"line":14,"column":1}}}},"branchMap":{"0":{"loc":{"start":{"line":3,"column":55},"end":{"line":3,"column":56}},"type":"default-arg","locations":[{"start":{"line":3,"column":55},"end":{"line":3,"column":56}}]}},"s":{"0":3,"1":2,"2":10,"3":3,"4":7,"5":7,"6":7,"7":7,"8":3},"f":{"0":2,"1":10,"2":7},"b":{"0":[2]}}
}
