TN:
SF:/Users/draz/tasks/3yourmind/dist/app.js
FNF:0
FNH:0
DA:2,1
DA:3,1
DA:4,1
DA:5,1
DA:6,1
DA:7,1
DA:8,1
DA:9,1
LF:8
LH:8
BRF:0
BRH:0
end_of_record
TN:
SF:/Users/draz/tasks/3yourmind/dist/config.js
FNF:0
FNH:0
DA:2,5
DA:3,5
DA:4,5
DA:5,5
DA:6,5
LF:5
LH:5
BRF:0
BRH:0
end_of_record
TN:
SF:/Users/draz/tasks/3yourmind/dist/utils.js
FN:3,sendBase64Image
FN:10,getMimeAndDataFrom64BitImageData
FNF:2
FNH:2
FNDA:1,sendBase64Image
FNDA:2,getMimeAndDataFrom64BitImageData
DA:2,2
DA:4,1
DA:5,1
DA:6,1
DA:7,1
DA:9,2
DA:11,2
DA:12,2
DA:13,2
DA:15,2
LF:10
LH:10
BRF:0
BRH:0
end_of_record
TN:
SF:/Users/draz/tasks/3yourmind/dist/routes/index.js
FNF:0
FNH:0
DA:2,1
DA:3,1
DA:4,1
DA:5,1
DA:6,1
DA:7,1
DA:8,1
DA:9,1
DA:10,1
LF:9
LH:9
BRF:0
BRH:0
end_of_record
TN:
SF:/Users/draz/tasks/3yourmind/dist/routes/routes.js
FN:3,RoutRoute
FNF:1
FNH:1
FNDA:1,RoutRoute
DA:2,1
DA:4,1
DA:6,1
LF:3
LH:3
BRF:0
BRH:0
end_of_record
TN:
SF:/Users/draz/tasks/3yourmind/dist/routes/cats/cats.js
FN:2,(anonymous_0)
FN:3,(anonymous_1)
FN:4,fulfilled
FN:5,rejected
FN:6,step
FN:6,(anonymous_5)
FN:13,findCatByTagRoute
FN:14,(anonymous_7)
FN:20,findCatByTagAndIdRoute
FN:21,(anonymous_9)
FNF:10
FNH:9
FNDA:4,(anonymous_0)
FNDA:4,(anonymous_1)
FNDA:4,fulfilled
FNDA:0,rejected
FNDA:8,step
FNDA:4,(anonymous_5)
FNDA:3,findCatByTagRoute
FNDA:3,(anonymous_7)
FNDA:1,findCatByTagAndIdRoute
FNDA:1,(anonymous_9)
DA:2,2
DA:3,4
DA:4,4
DA:5,0
DA:6,8
DA:7,4
DA:10,2
DA:11,2
DA:12,2
DA:14,3
DA:15,3
DA:16,3
DA:19,2
DA:21,1
DA:22,1
DA:23,1
DA:26,2
LF:17
LH:16
BRDA:2,0,0,2
BRDA:2,0,1,2
BRDA:2,0,2,2
BRDA:3,1,0,4
BRDA:3,1,1,4
BRDA:6,2,0,4
BRDA:6,2,1,4
BRDA:7,3,0,4
BRDA:7,3,1,4
BRF:9
BRH:9
end_of_record
TN:
SF:/Users/draz/tasks/3yourmind/dist/routes/cats/index.js
FNF:0
FNH:0
DA:2,2
DA:3,2
DA:4,2
DA:5,2
DA:6,2
DA:7,2
DA:8,2
LF:7
LH:7
BRF:0
BRH:0
end_of_record
TN:
SF:/Users/draz/tasks/3yourmind/dist/service/cache/file-cache.adapter.js
FN:2,(anonymous_0)
FN:3,(anonymous_1)
FN:4,fulfilled
FN:5,rejected
FN:6,step
FN:6,(anonymous_5)
FN:14,(anonymous_6)
FN:18,(anonymous_7)
FN:19,(anonymous_8)
FN:23,(anonymous_9)
FN:24,(anonymous_10)
FN:25,(anonymous_11)
FN:25,(anonymous_12)
FN:28,(anonymous_13)
FN:29,(anonymous_14)
FN:33,(anonymous_15)
FN:34,(anonymous_16)
FNF:17
FNH:16
FNDA:38,(anonymous_0)
FNDA:38,(anonymous_1)
FNDA:8,fulfilled
FNDA:0,rejected
FNDA:46,step
FNDA:8,(anonymous_5)
FNDA:4,(anonymous_6)
FNDA:27,(anonymous_7)
FNDA:27,(anonymous_8)
FNDA:6,(anonymous_9)
FNDA:6,(anonymous_10)
FNDA:6,(anonymous_11)
FNDA:6,(anonymous_12)
FNDA:1,(anonymous_13)
FNDA:1,(anonymous_14)
FNDA:4,(anonymous_15)
FNDA:4,(anonymous_16)
DA:2,4
DA:3,38
DA:4,8
DA:5,0
DA:6,46
DA:7,38
DA:10,4
DA:11,4
DA:12,4
DA:15,4
DA:16,4
DA:19,27
DA:20,27
DA:24,6
DA:25,6
DA:29,1
DA:30,1
DA:34,4
DA:35,4
DA:39,4
DA:40,4
LF:21
LH:20
BRDA:2,0,0,4
BRDA:2,0,1,4
BRDA:2,0,2,4
BRDA:3,1,0,38
BRDA:3,1,1,38
BRDA:6,2,0,38
BRDA:6,2,1,8
BRDA:7,3,0,38
BRDA:7,3,1,38
BRDA:20,4,0,27
BRDA:20,4,1,27
BRDA:25,5,0,6
BRDA:25,5,1,6
BRDA:25,6,0,0
BRDA:25,6,1,6
BRDA:30,7,0,1
BRDA:30,7,1,1
BRDA:35,8,0,4
BRDA:35,8,1,1
BRF:19
BRH:18
end_of_record
TN:
SF:/Users/draz/tasks/3yourmind/dist/service/cache/index.js
FNF:0
FNH:0
DA:2,4
DA:4,4
DA:7,4
DA:8,4
LF:4
LH:4
BRF:0
BRH:0
end_of_record
TN:
SF:/Users/draz/tasks/3yourmind/dist/service/cats/catass.adapter.js
FN:6,fetchBase64Data
FN:7,(anonymous_1)
FN:8,(anonymous_2)
FN:10,(anonymous_3)
FNF:4
FNH:4
FNDA:5,fetchBase64Data
FNDA:5,(anonymous_1)
FNDA:5,(anonymous_2)
FNDA:5,(anonymous_3)
DA:2,4
DA:3,4
DA:4,4
DA:5,4
DA:7,5
DA:8,5
DA:9,5
DA:10,5
DA:11,5
DA:12,0
DA:13,5
DA:18,4
LF:12
LH:11
BRDA:11,0,0,0
BRDA:11,0,1,5
BRF:2
BRH:1
end_of_record
TN:
SF:/Users/draz/tasks/3yourmind/dist/service/cats/index.js
FN:2,(anonymous_0)
FN:3,(anonymous_1)
FN:4,fulfilled
FN:5,rejected
FN:6,step
FN:6,(anonymous_5)
FN:15,findCatsByTag
FN:16,(anonymous_7)
FN:17,(anonymous_8)
FN:23,findCatByTagAndId
FN:24,(anonymous_10)
FNF:11
FNH:10
FNDA:29,(anonymous_0)
FNDA:29,(anonymous_1)
FNDA:31,fulfilled
FNDA:0,rejected
FNDA:60,step
FNDA:31,(anonymous_5)
FNDA:6,findCatsByTag
FNDA:6,(anonymous_7)
FNDA:30,(anonymous_8)
FNDA:23,findCatByTagAndId
FNDA:23,(anonymous_10)
DA:2,3
DA:3,29
DA:4,31
DA:5,0
DA:6,60
DA:7,29
DA:10,3
DA:11,3
DA:12,3
DA:13,3
DA:14,3
DA:16,6
DA:17,30
DA:22,3
DA:24,23
DA:25,23
DA:26,23
DA:27,23
DA:28,4
DA:29,4
DA:31,23
DA:34,3
LF:22
LH:21
BRDA:2,0,0,3
BRDA:2,0,1,3
BRDA:2,0,2,3
BRDA:3,1,0,29
BRDA:3,1,1,29
BRDA:6,2,0,29
BRDA:6,2,1,31
BRDA:7,3,0,29
BRDA:7,3,1,29
BRDA:15,4,0,6
BRDA:15,5,0,2
BRDA:17,6,0,20
BRDA:17,6,1,10
BRDA:27,7,0,4
BRDA:27,7,1,19
BRF:15
BRH:15
end_of_record
TN:
SF:/Users/draz/tasks/3yourmind/dist/test/test-helper.js
FN:4,checkValidCatUrls
FN:5,(anonymous_1)
FN:8,checkIfbase64Image
FNF:3
FNH:3
FNDA:2,checkValidCatUrls
FNDA:10,(anonymous_1)
FNDA:7,checkIfbase64Image
DA:2,3
DA:3,3
DA:5,10
DA:7,3
DA:9,7
DA:10,7
DA:12,7
DA:14,7
DA:16,3
LF:9
LH:9
BRDA:4,0,0,2
BRF:1
BRH:1
end_of_record
TN:
SF:/Users/draz/tasks/3yourmind/src/app.ts
FNF:0
FNH:0
DA:1,1
DA:2,1
DA:3,1
DA:5,1
DA:7,1
DA:8,1
DA:10,1
LF:7
LH:7
BRF:0
BRH:0
end_of_record
TN:
SF:/Users/draz/tasks/3yourmind/src/config.ts
FNF:0
FNH:0
DA:2,5
DA:3,5
DA:4,5
DA:5,5
LF:4
LH:4
BRF:0
BRH:0
end_of_record
TN:
SF:/Users/draz/tasks/3yourmind/src/utils.ts
FN:5,sendBase64Image
FN:16,getMimeAndDataFrom64BitImageData
FNF:2
FNH:2
FNDA:1,sendBase64Image
FNDA:2,getMimeAndDataFrom64BitImageData
DA:5,2
DA:6,1
DA:7,1
DA:8,1
DA:9,1
DA:16,2
DA:17,2
DA:18,2
DA:19,2
LF:9
LH:9
BRF:0
BRH:0
end_of_record
TN:
SF:/Users/draz/tasks/3yourmind/src/routes/index.ts
FNF:0
FNH:0
DA:1,1
DA:2,1
DA:3,1
DA:4,1
DA:6,1
DA:8,1
DA:9,1
DA:11,1
LF:8
LH:8
BRF:0
BRH:0
end_of_record
TN:
SF:/Users/draz/tasks/3yourmind/src/routes/routes.ts
FN:6,RoutRoute
FNF:1
FNH:1
FNDA:1,RoutRoute
DA:1,1
DA:6,1
DA:7,1
LF:3
LH:3
BRF:0
BRH:0
end_of_record
TN:
SF:/Users/draz/tasks/3yourmind/src/routes/cats/cats.ts
FN:11,findCatByTagRoute
FN:21,findCatByTagAndIdRoute
FNF:2
FNH:2
FNDA:3,findCatByTagRoute
FNDA:1,findCatByTagAndIdRoute
DA:1,2
DA:2,2
DA:11,2
DA:12,3
DA:13,3
DA:21,2
DA:22,1
DA:23,1
LF:8
LH:8
BRF:0
BRH:0
end_of_record
TN:
SF:/Users/draz/tasks/3yourmind/src/routes/cats/index.ts
FNF:0
FNH:0
DA:1,2
DA:2,2
DA:7,2
DA:9,2
DA:11,2
DA:13,2
LF:6
LH:6
BRF:0
BRH:0
end_of_record
TN:
SF:/Users/draz/tasks/3yourmind/src/service/cache/file-cache.adapter.ts
FN:8,(anonymous_6)
FN:18,(anonymous_7)
FN:21,(anonymous_9)
FN:22,(anonymous_11)
FN:22,(anonymous_12)
FN:24,(anonymous_13)
FN:27,(anonymous_15)
FNF:7
FNH:7
FNDA:4,(anonymous_6)
FNDA:37,(anonymous_7)
FNDA:2,(anonymous_9)
FNDA:2,(anonymous_11)
FNDA:2,(anonymous_12)
FNDA:1,(anonymous_13)
FNDA:4,(anonymous_15)
DA:1,4
DA:2,4
DA:5,4
DA:6,4
DA:15,4
DA:19,37
DA:22,2
DA:25,1
DA:28,4
DA:32,4
LF:10
LH:10
BRDA:19,0,0,37
BRDA:19,0,1,37
BRDA:22,1,0,2
BRDA:22,1,1,2
BRDA:22,2,0,0
BRDA:22,2,1,2
BRDA:25,3,0,1
BRDA:25,3,1,1
BRDA:28,4,0,4
BRDA:28,4,1,1
BRF:10
BRH:9
end_of_record
TN:
SF:/Users/draz/tasks/3yourmind/src/service/cache/index.ts
FNF:0
FNH:0
DA:2,4
DA:27,4
DA:29,4
LF:3
LH:3
BRF:0
BRH:0
end_of_record
TN:
SF:/Users/draz/tasks/3yourmind/src/service/cats/catass.adapter.ts
FN:11,fetchBase64Data
FN:12,(anonymous_1)
FN:13,(anonymous_2)
FN:15,(anonymous_3)
FNF:4
FNH:4
FNDA:1,fetchBase64Data
FNDA:1,(anonymous_1)
FNDA:1,(anonymous_2)
FNDA:1,(anonymous_3)
DA:1,4
DA:2,4
DA:5,4
DA:11,4
DA:12,1
DA:13,1
DA:14,1
DA:15,1
DA:16,1
DA:17,1
LF:10
LH:10
BRDA:16,0,0,0
BRDA:16,0,1,1
BRF:2
BRH:1
end_of_record
TN:
SF:/Users/draz/tasks/3yourmind/src/service/cats/index.ts
FN:25,findCatsByTag
FN:28,(anonymous_8)
FN:39,getCatUrl
FN:49,findCatByTagAndId
FNF:4
FNH:4
FNDA:6,findCatsByTag
FNDA:30,(anonymous_8)
FNDA:10,getCatUrl
FNDA:33,findCatByTagAndId
DA:1,3
DA:2,3
DA:3,3
DA:19,3
DA:25,3
DA:26,6
DA:28,30
DA:39,3
DA:40,10
DA:41,10
DA:49,3
DA:50,33
DA:51,33
DA:52,33
DA:53,0
DA:54,0
DA:56,33
LF:17
LH:15
BRDA:25,0,0,6
BRDA:25,1,0,2
BRDA:29,2,0,20
BRDA:29,2,1,10
BRDA:39,3,0,10
BRDA:40,4,0,10
BRDA:40,4,1,10
BRDA:52,5,0,0
BRDA:52,5,1,33
BRF:9
BRH:8
end_of_record
TN:
SF:/Users/draz/tasks/3yourmind/src/test/test-helper.ts
FN:3,checkValidCatUrls
FN:4,(anonymous_1)
FN:7,checkIfbase64Image
FNF:3
FNH:3
FNDA:2,checkValidCatUrls
FNDA:10,(anonymous_1)
FNDA:7,checkIfbase64Image
DA:1,3
DA:3,3
DA:4,10
DA:7,3
DA:8,7
DA:9,7
DA:11,7
DA:13,7
LF:8
LH:8
BRDA:3,0,0,2
BRF:1
BRH:1
end_of_record
